10:29:12.546 [main] DEBUG org.apache.poi.openxml4j.opc.ZipPackage - Save part 'xl/styles.xml'
10:29:12.574 [main] DEBUG org.apache.poi.openxml4j.opc.ZipPackage - Save part 'xl/theme/theme1.xml'
10:29:12.576 [main] DEBUG org.apache.poi.openxml4j.opc.ZipPackage - Save part 'xl/workbook.xml'
10:29:12.580 [main] DEBUG org.apache.poi.openxml4j.opc.ZipPackage - Save part 'xl/worksheets/sheet1.xml'
10:29:12.581 [main] DEBUG org.apache.poi.openxml4j.opc.ZipPackage - Save part 'xl/worksheets/sheet2.xml'
10:29:32.676 [main] INFO  testCases.TC_002_Surgeries - Starting TC_002_Surgeries
10:29:32.678 [main] INFO  testCases.TC_002_Surgeries - getting surgeries
10:29:46.038 [main] DEBUG testCases.TC_002_Surgeries - taking screenshot
10:29:46.907 [main] INFO  testCases.TC_002_Surgeries - opening surgeries
10:29:50.978 [main] INFO  testCases.TC_002_Surgeries - recording general surgeries
10:29:53.009 [main] DEBUG testCases.TC_002_Surgeries - checking if surgeries are getting displayed
10:29:55.285 [main] INFO  testCases.TC_002_Surgeries - recording orthopedic surgeries
10:29:55.783 [main] DEBUG testCases.TC_002_Surgeries - checking if surgeries are getting displayed
10:29:58.646 [main] INFO  testCases.TC_002_Surgeries - recording practology surgeries
10:29:59.279 [main] DEBUG testCases.TC_002_Surgeries - checking if surgeries are getting displayed
10:30:02.195 [main] INFO  testCases.TC_002_Surgeries - recording opthomology surgeries
10:30:03.904 [main] DEBUG testCases.TC_002_Surgeries - checking if surgeries are getting displayed
10:30:05.326 [main] INFO  testCases.TC_002_Surgeries - recording urology surgeries
10:30:05.882 [main] DEBUG testCases.TC_002_Surgeries - checking if surgeries are getting displayed
10:30:07.978 [main] INFO  testCases.TC_002_Surgeries - recording cosmetic surgeries
10:30:08.391 [main] DEBUG testCases.TC_002_Surgeries - checking if surgeries are getting displayed
10:30:28.574 [main] INFO  testCases.TC_003_CorporateWellness_InvalidDetails - Staring TC_003_CorporateWellness_InvalidDetails
10:30:28.575 [main] INFO  testCases.TC_003_CorporateWellness_InvalidDetails - opening booking page
10:30:40.049 [main] INFO  testCases.TC_003_CorporateWellness_InvalidDetails - putting in invalid details
10:30:41.764 [main] DEBUG testCases.TC_003_CorporateWellness_InvalidDetails - checking if button is enabled
10:31:02.074 [main] INFO  testCases.TC_003_CorporateWellness_ValidDetails - Staring TC_003_CorporateWellness_ValidDetails
10:31:15.477 [main] INFO  testCases.TC_003_CorporateWellness_ValidDetails - opening booking page
10:31:17.399 [main] DEBUG testCases.TC_003_CorporateWellness_ValidDetails - checking if button is enabled
10:31:22.625 [main] INFO  testCases.TC_003_CorporateWellness_ValidDetails - checking if thank you modal is working or not
